current directory: /Users/meillier/Documents/07-git/01-gitblog/ymeillier.github.io/vendor/bundle/ruby/2.6.0/gems/eventmachine-1.2.7/ext
/System/Library/Frameworks/Ruby.framework/Versions/2.6/usr/bin/ruby -I /System/Library/Frameworks/Ruby.framework/Versions/2.6/usr/lib/ruby/2.6.0 -r ./siteconf20251110-13858-a3avfv.rb extconf.rb
checking for -lcrypto... no
checking for openssl/ssl.h... no
checking for -lcrypto... no
checking for openssl/ssl.h... no
checking for -lcrypto... no
checking for openssl/ssl.h... no
checking for -lcrypto... no
checking for openssl/ssl.h... no
checking for rb_trap_immediate in ruby.h,rubysig.h... no
checking for rb_thread_blocking_region()... no
checking for rb_thread_call_without_gvl() in ruby/thread.h... yes
checking for rb_thread_fd_select()... yes
checking for rb_fdset_t in ruby/intern.h... yes
checking for rb_wait_for_single_fd()... yes
checking for rb_enable_interrupt()... no
checking for rb_time_new()... yes
checking for inotify_init() in sys/inotify.h... no
checking for __NR_inotify_init in sys/syscall.h... no
checking for writev() in sys/uio.h... yes
checking for pipe2() in unistd.h... no
checking for accept4() in sys/socket.h... no
checking for SOCK_CLOEXEC in sys/socket.h... no
checking for sys/event.h... yes
checking for sys/queue.h... yes
checking for clock_gettime()... yes
checking for CLOCK_MONOTONIC_RAW in time.h... yes
checking for CLOCK_MONOTONIC in time.h... yes
CXXFLAGS= -g -Os -pipe  -Wall -Wextra -Wno-deprecated-declarations -Wno-ignored-qualifiers -Wno-unused-result -Wno-address
creating Makefile

current directory: /Users/meillier/Documents/07-git/01-gitblog/ymeillier.github.io/vendor/bundle/ruby/2.6.0/gems/eventmachine-1.2.7/ext
make "DESTDIR=" clean

current directory: /Users/meillier/Documents/07-git/01-gitblog/ymeillier.github.io/vendor/bundle/ruby/2.6.0/gems/eventmachine-1.2.7/ext
make "DESTDIR="
compiling binder.cpp
In file included from binder.cpp:20:
./project.h:25:10: fatal error: 'iostream' file not found
   25 | #include <iostream>
      |          ^~~~~~~~~~
1 error generated.
make: *** [binder.o] Error 1

make failed, exit code 2
